<?xml version="1.0" encoding="UTF-8"?>
<robot generator="Robot 7.4.1 (Python 3.8.2 on win32)" generated="2026-02-15T22:19:51.698083" rpa="false" schemaversion="5">
<suite id="s1" name="Create User Test" source="C:\Users\keaga\OneDrive - Ngee Ann Polytechnic\NP Y2S2\DevOps\Assignment\DevOps_Oct2025_Team2_Assignment\tests\robot\create_user_test.robot">
<test id="s1-t1" name="Admin Can Create A Regular User" line="9">
<kw name="Open Login Page" owner="login_keywords" type="SETUP">
<kw name="Open Browser" owner="SeleniumLibrary">
<msg time="2026-02-15T22:19:52.345301" level="INFO">Opening browser 'Chrome' to base url 'http://localhost:5000/login'.</msg>
<arg>${LOGIN_URL}</arg>
<arg>${BROWSER}</arg>
<doc>Opens a new browser instance to the optional ``url``.</doc>
<status status="PASS" start="2026-02-15T22:19:52.345301" elapsed="2.628129"/>
</kw>
<kw name="Maximize Browser Window" owner="SeleniumLibrary">
<doc>Maximizes current browser window.</doc>
<status status="PASS" start="2026-02-15T22:19:54.973430" elapsed="0.046773"/>
</kw>
<kw name="Wait Until Element Is Visible" owner="SeleniumLibrary">
<arg>${USERNAME_INPUT}</arg>
<arg>10s</arg>
<doc>Waits until the element ``locator`` is visible.</doc>
<status status="PASS" start="2026-02-15T22:19:55.020203" elapsed="0.063101"/>
</kw>
<status status="PASS" start="2026-02-15T22:19:52.344692" elapsed="2.738612"/>
</kw>
<kw name="Login As Admin User" owner="login_keywords">
<kw name="Login With Credentials" owner="login_keywords">
<kw name="Input Text" owner="SeleniumLibrary">
<msg time="2026-02-15T22:19:55.087338" level="INFO">Typing text 'alice' into text field 'id:username'.</msg>
<arg>${USERNAME_INPUT}</arg>
<arg>${username}</arg>
<doc>Types the given ``text`` into the text field identified by ``locator``.</doc>
<status status="PASS" start="2026-02-15T22:19:55.087338" elapsed="0.289395"/>
</kw>
<kw name="Input Password" owner="SeleniumLibrary">
<msg time="2026-02-15T22:19:55.378351" level="INFO">Typing password into text field 'id:password'.</msg>
<msg time="2026-02-15T22:19:55.432015" level="INFO">Temporally setting log level to: NONE</msg>
<arg>${PASSWORD_INPUT}</arg>
<arg>${password}</arg>
<doc>Types the given password into the text field identified by ``locator``.</doc>
<status status="PASS" start="2026-02-15T22:19:55.377741" elapsed="0.135584"/>
</kw>
<kw name="Click Button" owner="SeleniumLibrary">
<msg time="2026-02-15T22:19:55.515337" level="INFO">Clicking button 'css:button[type="submit"]'.</msg>
<arg>${SIGNIN_BUTTON}</arg>
<doc>Clicks the button identified by ``locator``.</doc>
<status status="PASS" start="2026-02-15T22:19:55.515337" elapsed="0.231116"/>
</kw>
<arg>${ADMIN_USERNAME}</arg>
<arg>${ADMIN_PASSWORD}</arg>
<status status="PASS" start="2026-02-15T22:19:55.085329" elapsed="0.661677"/>
</kw>
<kw name="Wait Until Keyword Succeeds" owner="BuiltIn">
<kw name="URL Should Be Admin Page" owner="login_keywords">
<kw name="Get Location" owner="SeleniumLibrary">
<msg time="2026-02-15T22:19:55.755893" level="INFO">${url} = http://localhost:5000/login</msg>
<var>${url}</var>
<doc>Returns the current browser window URL.</doc>
<status status="PASS" start="2026-02-15T22:19:55.748649" elapsed="0.007772"/>
</kw>
<kw name="Should Match Regexp" owner="BuiltIn">
<msg time="2026-02-15T22:19:55.757483" level="FAIL">'http://localhost:5000/login' does not match '.*/admin$'</msg>
<arg>${url}</arg>
<arg>.*/admin$</arg>
<doc>Fails if ``string`` does not match ``pattern`` as a regular expression.</doc>
<status status="FAIL" start="2026-02-15T22:19:55.756421" elapsed="0.001062">'http://localhost:5000/login' does not match '.*/admin$'</status>
</kw>
<kw name="Log" owner="BuiltIn">
<arg>Admin login redirected to ${url}</arg>
<doc>Logs the given message with the given level.</doc>
<status status="NOT RUN" start="2026-02-15T22:19:55.758141" elapsed="0.000000"/>
</kw>
<status status="FAIL" start="2026-02-15T22:19:55.748067" elapsed="0.010626">'http://localhost:5000/login' does not match '.*/admin$'</status>
</kw>
<kw name="URL Should Be Admin Page" owner="login_keywords">
<kw name="Get Location" owner="SeleniumLibrary">
<msg time="2026-02-15T22:19:56.776143" level="INFO">${url} = http://localhost:5000/admin</msg>
<var>${url}</var>
<doc>Returns the current browser window URL.</doc>
<status status="PASS" start="2026-02-15T22:19:56.770528" elapsed="0.005615"/>
</kw>
<kw name="Should Match Regexp" owner="BuiltIn">
<arg>${url}</arg>
<arg>.*/admin$</arg>
<doc>Fails if ``string`` does not match ``pattern`` as a regular expression.</doc>
<status status="PASS" start="2026-02-15T22:19:56.778244" elapsed="0.000000"/>
</kw>
<kw name="Log" owner="BuiltIn">
<msg time="2026-02-15T22:19:56.778244" level="INFO">Admin login redirected to http://localhost:5000/admin</msg>
<arg>Admin login redirected to ${url}</arg>
<doc>Logs the given message with the given level.</doc>
<status status="PASS" start="2026-02-15T22:19:56.778244" elapsed="0.002010"/>
</kw>
<status status="PASS" start="2026-02-15T22:19:56.770528" elapsed="0.009726"/>
</kw>
<arg>10x</arg>
<arg>1s</arg>
<arg>URL Should Be Admin Page</arg>
<doc>Runs the specified keyword and retries if it fails.</doc>
<status status="PASS" start="2026-02-15T22:19:55.747006" elapsed="1.033248"/>
</kw>
<status status="PASS" start="2026-02-15T22:19:55.085329" elapsed="1.694925"/>
</kw>
<kw name="Generate Unique Username" owner="login_keywords">
<kw name="Evaluate" owner="BuiltIn">
<msg time="2026-02-15T22:19:56.800630" level="INFO">${epoch} = 1771165196</msg>
<var>${epoch}</var>
<arg>int(__import__('time').time())</arg>
<doc>Evaluates the given expression in Python and returns the result.</doc>
<status status="PASS" start="2026-02-15T22:19:56.782263" elapsed="0.018367"/>
</kw>
<kw name="Set Variable" owner="BuiltIn">
<msg time="2026-02-15T22:19:56.801086" level="INFO">${username} = rf_user_1771165196</msg>
<var>${username}</var>
<arg>rf_user_${epoch}</arg>
<doc>Returns the given values which can then be assigned to a variables.</doc>
<status status="PASS" start="2026-02-15T22:19:56.801086" elapsed="0.000000"/>
</kw>
<return>
<value>${username}</value>
<status status="PASS" start="2026-02-15T22:19:56.802091" elapsed="0.000000"/>
</return>
<msg time="2026-02-15T22:19:56.802091" level="INFO">${new_username} = rf_user_1771165196</msg>
<var>${new_username}</var>
<status status="PASS" start="2026-02-15T22:19:56.780254" elapsed="0.021837"/>
</kw>
<kw name="Set Variable" owner="BuiltIn">
<msg time="2026-02-15T22:19:56.802091" level="INFO">${new_password} = Robot12345</msg>
<var>${new_password}</var>
<arg>Robot12345</arg>
<doc>Returns the given values which can then be assigned to a variables.</doc>
<status status="PASS" start="2026-02-15T22:19:56.802091" elapsed="0.000000"/>
</kw>
<kw name="Create User In Admin Dashboard" owner="login_keywords">
<kw name="Wait Until Element Is Visible" owner="SeleniumLibrary">
<arg>${OPEN_CREATE_USER_BUTTON}</arg>
<arg>10s</arg>
<doc>Waits until the element ``locator`` is visible.</doc>
<status status="PASS" start="2026-02-15T22:19:56.804112" elapsed="0.036952"/>
</kw>
<kw name="Click Element" owner="SeleniumLibrary">
<msg time="2026-02-15T22:19:56.847837" level="INFO">Clicking element 'xpath://button[contains(normalize-space(), 'Create User')]'.</msg>
<arg>${OPEN_CREATE_USER_BUTTON}</arg>
<doc>Click the element identified by ``locator``.</doc>
<status status="PASS" start="2026-02-15T22:19:56.841064" elapsed="0.118932"/>
</kw>
<kw name="Wait Until Element Is Visible" owner="SeleniumLibrary">
<arg>${CREATE_USER_MODAL}</arg>
<arg>10s</arg>
<doc>Waits until the element ``locator`` is visible.</doc>
<status status="PASS" start="2026-02-15T22:19:56.959996" elapsed="0.031175"/>
</kw>
<kw name="Input Text" owner="SeleniumLibrary">
<msg time="2026-02-15T22:19:56.992917" level="INFO">Typing text 'rf_user_1771165196' into text field 'id:new-username'.</msg>
<arg>${NEW_USERNAME_INPUT}</arg>
<arg>${username}</arg>
<doc>Types the given ``text`` into the text field identified by ``locator``.</doc>
<status status="PASS" start="2026-02-15T22:19:56.991710" elapsed="0.294888"/>
</kw>
<kw name="Input Password" owner="SeleniumLibrary">
<msg time="2026-02-15T22:19:57.292191" level="INFO">Typing password into text field 'id:new-password'.</msg>
<msg time="2026-02-15T22:19:57.353534" level="INFO">Temporally setting log level to: NONE</msg>
<arg>${NEW_PASSWORD_INPUT}</arg>
<arg>${password}</arg>
<doc>Types the given password into the text field identified by ``locator``.</doc>
<status status="PASS" start="2026-02-15T22:19:57.292191" elapsed="0.140149"/>
</kw>
<kw name="Select From List By Value" owner="SeleniumLibrary">
<msg time="2026-02-15T22:19:57.432340" level="INFO">Selecting options from selection list 'id:new-role' by value regular.</msg>
<arg>${NEW_ROLE_SELECT}</arg>
<arg>${role}</arg>
<doc>Selects options from selection list ``locator`` by ``values``.</doc>
<status status="PASS" start="2026-02-15T22:19:57.432340" elapsed="0.082974"/>
</kw>
<kw name="Click Button" owner="SeleniumLibrary">
<msg time="2026-02-15T22:19:57.515314" level="INFO">Clicking button 'xpath://form[@id='create-user-form']//button[@type='submit']'.</msg>
<arg>${CREATE_USER_SUBMIT_BUTTON}</arg>
<doc>Clicks the button identified by ``locator``.</doc>
<status status="PASS" start="2026-02-15T22:19:57.515314" elapsed="0.139910"/>
</kw>
<kw name="Wait Until Keyword Succeeds" owner="BuiltIn">
<kw name="Message Should Contain" owner="login_keywords">
<kw name="Get Text" owner="SeleniumLibrary">
<msg time="2026-02-15T22:19:57.716690" level="INFO">${message} = </msg>
<var>${message}</var>
<arg>${MESSAGE_BOX}</arg>
<doc>Returns the text value of the element identified by ``locator``.</doc>
<status status="PASS" start="2026-02-15T22:19:57.659640" elapsed="0.061414"/>
</kw>
<kw name="Should Contain" owner="BuiltIn">
<msg time="2026-02-15T22:19:57.722061" level="FAIL">'' does not contain 'User created successfully'</msg>
<arg>${message}</arg>
<arg>${expected_text}</arg>
<doc>Fails if ``container`` does not contain ``item`` one or more times.</doc>
<status status="FAIL" start="2026-02-15T22:19:57.721054" elapsed="0.001007">'' does not contain 'User created successfully'</status>
</kw>
<arg>User created successfully</arg>
<status status="FAIL" start="2026-02-15T22:19:57.655224" elapsed="0.066837">'' does not contain 'User created successfully'</status>
</kw>
<kw name="Message Should Contain" owner="login_keywords">
<kw name="Get Text" owner="SeleniumLibrary">
<msg time="2026-02-15T22:19:58.782049" level="INFO">${message} = User created successfully</msg>
<var>${message}</var>
<arg>${MESSAGE_BOX}</arg>
<doc>Returns the text value of the element identified by ``locator``.</doc>
<status status="PASS" start="2026-02-15T22:19:58.722804" elapsed="0.059245"/>
</kw>
<kw name="Should Contain" owner="BuiltIn">
<arg>${message}</arg>
<arg>${expected_text}</arg>
<doc>Fails if ``container`` does not contain ``item`` one or more times.</doc>
<status status="PASS" start="2026-02-15T22:19:58.782049" elapsed="0.004850"/>
</kw>
<arg>User created successfully</arg>
<status status="PASS" start="2026-02-15T22:19:58.722804" elapsed="0.064095"/>
</kw>
<arg>10x</arg>
<arg>1s</arg>
<arg>Message Should Contain</arg>
<arg>User created successfully</arg>
<doc>Runs the specified keyword and retries if it fails.</doc>
<status status="PASS" start="2026-02-15T22:19:57.655224" elapsed="1.131675"/>
</kw>
<arg>${new_username}</arg>
<arg>${new_password}</arg>
<arg>regular</arg>
<status status="PASS" start="2026-02-15T22:19:56.804112" elapsed="1.982787"/>
</kw>
<kw name="User Should Appear In Admin List" owner="login_keywords">
<kw name="Filter Users By Username" owner="login_keywords">
<kw name="Wait Until Element Is Visible" owner="SeleniumLibrary">
<arg>${SEARCH_USERNAME_INPUT}</arg>
<arg>10s</arg>
<doc>Waits until the element ``locator`` is visible.</doc>
<status status="PASS" start="2026-02-15T22:19:58.792331" elapsed="0.063355"/>
</kw>
<kw name="Clear Element Text" owner="SeleniumLibrary">
<arg>${SEARCH_USERNAME_INPUT}</arg>
<doc>Clears the value of the text-input-element identified by ``locator``.</doc>
<status status="PASS" start="2026-02-15T22:19:58.855686" elapsed="0.114196"/>
</kw>
<kw name="Input Text" owner="SeleniumLibrary">
<msg time="2026-02-15T22:19:58.972072" level="INFO">Typing text 'rf_user_1771165196' into text field 'id:searchUsername'.</msg>
<arg>${SEARCH_USERNAME_INPUT}</arg>
<arg>${username}</arg>
<doc>Types the given ``text`` into the text field identified by ``locator``.</doc>
<status status="PASS" start="2026-02-15T22:19:58.969882" elapsed="0.195857"/>
</kw>
<kw name="Click Button" owner="SeleniumLibrary">
<msg time="2026-02-15T22:19:59.165739" level="INFO">Clicking button 'xpath://button[normalize-space()='Apply Filters']'.</msg>
<arg>${APPLY_FILTERS_BUTTON}</arg>
<doc>Clicks the button identified by ``locator``.</doc>
<status status="PASS" start="2026-02-15T22:19:59.165739" elapsed="0.137663"/>
</kw>
<arg>${username}</arg>
<status status="PASS" start="2026-02-15T22:19:58.786899" elapsed="0.516503"/>
</kw>
<kw name="Wait Until Keyword Succeeds" owner="BuiltIn">
<kw name="Page Should Contain Element" owner="SeleniumLibrary">
<msg time="2026-02-15T22:19:59.324282" level="INFO">Current page contains element 'xpath://tbody[@id='usersTableBody']//td[normalize-space()='rf_user_1771165196']'.</msg>
<arg>xpath://tbody[@id='usersTableBody']//td[normalize-space()='${username}']</arg>
<doc>Verifies that element ``locator`` is found on the current page.</doc>
<status status="PASS" start="2026-02-15T22:19:59.303402" elapsed="0.020880"/>
</kw>
<arg>10x</arg>
<arg>1s</arg>
<arg>Page Should Contain Element</arg>
<arg>xpath://tbody[@id='usersTableBody']//td[normalize-space()='${username}']</arg>
<doc>Runs the specified keyword and retries if it fails.</doc>
<status status="PASS" start="2026-02-15T22:19:59.303402" elapsed="0.020880"/>
</kw>
<arg>${new_username}</arg>
<status status="PASS" start="2026-02-15T22:19:58.786899" elapsed="0.537383"/>
</kw>
<kw name="Close Browser Session" owner="login_keywords" type="TEARDOWN">
<kw name="Close Browser" owner="SeleniumLibrary">
<doc>Closes the current browser.</doc>
<status status="PASS" start="2026-02-15T22:19:59.327788" elapsed="2.254001"/>
</kw>
<status status="PASS" start="2026-02-15T22:19:59.327788" elapsed="2.254001"/>
</kw>
<doc>Logs in as admin, creates a user in the admin dashboard, and verifies it appears in user list.</doc>
<status status="PASS" start="2026-02-15T22:19:52.338515" elapsed="9.243274"/>
</test>
<doc>Admin create user smoke test for the web UI.</doc>
<status status="PASS" start="2026-02-15T22:19:51.700165" elapsed="9.884274"/>
</suite>
<statistics>
<total>
<stat pass="1" fail="0" skip="0">All Tests</stat>
</total>
<tag>
</tag>
<suite>
<stat name="Create User Test" id="s1" pass="1" fail="0" skip="0">Create User Test</stat>
</suite>
</statistics>
<errors>
</errors>
</robot>
